2022-01-03 15:57:40.922 [main] INFO  ltd.itema.mall.ItemaMallPlusApplication - [logStarting,55] - Starting ItemaMallPlusApplication using Java 11.0.13 on DESKTOP-UPLS549 with PID 2084 (E:\javaweb\dx1\target\classes started by seaandsky佳 in E:\javaweb\dx1)
2022-01-03 15:57:40.962 [main] INFO  ltd.itema.mall.ItemaMallPlusApplication - [logStartupProfileInfo,663] - The following profiles are active: dev
2022-01-03 15:57:47.056 [main] INFO  io.undertow.servlet - [log,382] - Initializing Spring embedded WebApplicationContext
2022-01-03 15:57:52.318 [main] INFO  io.undertow - [start,120] - starting server: Undertow - 2.2.12.Final
2022-01-03 15:57:52.342 [main] INFO  org.xnio - [<clinit>,95] - XNIO version 3.8.4.Final
2022-01-03 15:57:52.353 [main] INFO  org.xnio.nio - [<clinit>,58] - XNIO NIO Implementation Version 3.8.4.Final
2022-01-03 15:57:52.429 [main] INFO  org.jboss.threads - [<clinit>,52] - JBoss Threads version 3.1.0.Final
2022-01-03 15:57:52.663 [main] INFO  ltd.itema.mall.ItemaMallPlusApplication - [logStarted,61] - Started ItemaMallPlusApplication in 13.554 seconds (JVM running for 17.38)
2022-01-03 15:57:52.761 [main] INFO  com.zaxxer.hikari.HikariDataSource - [getConnection,110] - hikariCP - Starting...
2022-01-03 15:57:53.604 [main] INFO  com.zaxxer.hikari.HikariDataSource - [getConnection,123] - hikariCP - Start completed.
2022-01-03 16:17:03.351 [SpringApplicationShutdownHook] INFO  io.undertow - [stop,259] - stopping server: Undertow - 2.2.12.Final
2022-01-03 16:17:03.536 [SpringApplicationShutdownHook] INFO  com.zaxxer.hikari.HikariDataSource - [close,350] - hikariCP - Shutdown initiated...
2022-01-03 16:17:03.601 [SpringApplicationShutdownHook] INFO  com.zaxxer.hikari.HikariDataSource - [close,352] - hikariCP - Shutdown completed.
2022-01-03 16:17:15.457 [main] INFO  ltd.itema.mall.ItemaMallPlusApplication - [logStarting,55] - Starting ItemaMallPlusApplication using Java 11.0.13 on DESKTOP-UPLS549 with PID 12004 (E:\javaweb\dx1\target\classes started by seaandsky佳 in E:\javaweb\dx1)
2022-01-03 16:17:15.464 [main] INFO  ltd.itema.mall.ItemaMallPlusApplication - [logStartupProfileInfo,663] - The following profiles are active: dev
2022-01-03 16:17:18.102 [main] INFO  io.undertow.servlet - [log,382] - Initializing Spring embedded WebApplicationContext
2022-01-03 16:17:20.644 [main] INFO  io.undertow - [start,120] - starting server: Undertow - 2.2.12.Final
2022-01-03 16:17:20.648 [main] INFO  org.xnio - [<clinit>,95] - XNIO version 3.8.4.Final
2022-01-03 16:17:20.662 [main] INFO  org.xnio.nio - [<clinit>,58] - XNIO NIO Implementation Version 3.8.4.Final
2022-01-03 16:17:20.723 [main] INFO  org.jboss.threads - [<clinit>,52] - JBoss Threads version 3.1.0.Final
2022-01-03 16:17:20.811 [main] INFO  ltd.itema.mall.ItemaMallPlusApplication - [logStarted,61] - Started ItemaMallPlusApplication in 6.138 seconds (JVM running for 7.756)
2022-01-03 16:17:20.846 [main] INFO  com.zaxxer.hikari.HikariDataSource - [getConnection,110] - hikariCP - Starting...
2022-01-03 16:17:21.095 [main] INFO  com.zaxxer.hikari.HikariDataSource - [getConnection,123] - hikariCP - Start completed.
2022-01-03 16:28:27.539 [SpringApplicationShutdownHook] INFO  io.undertow - [stop,259] - stopping server: Undertow - 2.2.12.Final
2022-01-03 16:28:27.672 [SpringApplicationShutdownHook] INFO  com.zaxxer.hikari.HikariDataSource - [close,350] - hikariCP - Shutdown initiated...
2022-01-03 16:28:27.733 [SpringApplicationShutdownHook] INFO  com.zaxxer.hikari.HikariDataSource - [close,352] - hikariCP - Shutdown completed.
2022-01-03 16:28:37.705 [main] INFO  ltd.itema.mall.ItemaMallPlusApplication - [logStarting,55] - Starting ItemaMallPlusApplication using Java 11.0.13 on DESKTOP-UPLS549 with PID 15196 (E:\javaweb\dx1\target\classes started by seaandsky佳 in E:\javaweb\dx1)
2022-01-03 16:28:37.709 [main] INFO  ltd.itema.mall.ItemaMallPlusApplication - [logStartupProfileInfo,663] - The following profiles are active: dev
2022-01-03 16:28:40.351 [main] INFO  io.undertow.servlet - [log,382] - Initializing Spring embedded WebApplicationContext
2022-01-03 16:28:42.499 [main] INFO  io.undertow - [start,120] - starting server: Undertow - 2.2.12.Final
2022-01-03 16:28:42.505 [main] INFO  org.xnio - [<clinit>,95] - XNIO version 3.8.4.Final
2022-01-03 16:28:42.513 [main] INFO  org.xnio.nio - [<clinit>,58] - XNIO NIO Implementation Version 3.8.4.Final
2022-01-03 16:28:42.553 [main] INFO  org.jboss.threads - [<clinit>,52] - JBoss Threads version 3.1.0.Final
2022-01-03 16:28:42.630 [main] INFO  ltd.itema.mall.ItemaMallPlusApplication - [logStarted,61] - Started ItemaMallPlusApplication in 5.621 seconds (JVM running for 7.64)
2022-01-03 16:28:42.652 [main] INFO  com.zaxxer.hikari.HikariDataSource - [getConnection,110] - hikariCP - Starting...
2022-01-03 16:28:42.831 [main] INFO  com.zaxxer.hikari.HikariDataSource - [getConnection,123] - hikariCP - Start completed.
2022-01-03 16:50:41.138 [SpringApplicationShutdownHook] INFO  io.undertow - [stop,259] - stopping server: Undertow - 2.2.12.Final
2022-01-03 16:50:41.231 [SpringApplicationShutdownHook] INFO  com.zaxxer.hikari.HikariDataSource - [close,350] - hikariCP - Shutdown initiated...
2022-01-03 16:50:41.311 [SpringApplicationShutdownHook] INFO  com.zaxxer.hikari.HikariDataSource - [close,352] - hikariCP - Shutdown completed.
2022-01-03 16:51:21.536 [main] INFO  ltd.itema.mall.ItemaMallPlusApplication - [logStarting,55] - Starting ItemaMallPlusApplication using Java 11.0.13 on DESKTOP-UPLS549 with PID 12272 (E:\javaweb\dx1\target\classes started by seaandsky佳 in E:\javaweb\dx1)
2022-01-03 16:51:21.544 [main] INFO  ltd.itema.mall.ItemaMallPlusApplication - [logStartupProfileInfo,663] - The following profiles are active: dev
2022-01-03 16:51:23.832 [main] INFO  io.undertow.servlet - [log,382] - Initializing Spring embedded WebApplicationContext
2022-01-03 16:51:25.576 [main] INFO  io.undertow - [start,120] - starting server: Undertow - 2.2.12.Final
2022-01-03 16:51:25.584 [main] INFO  org.xnio - [<clinit>,95] - XNIO version 3.8.4.Final
2022-01-03 16:51:25.584 [main] INFO  org.xnio.nio - [<clinit>,58] - XNIO NIO Implementation Version 3.8.4.Final
2022-01-03 16:51:25.636 [main] INFO  org.jboss.threads - [<clinit>,52] - JBoss Threads version 3.1.0.Final
2022-01-03 16:51:25.704 [main] INFO  ltd.itema.mall.ItemaMallPlusApplication - [logStarted,61] - Started ItemaMallPlusApplication in 4.98 seconds (JVM running for 6.903)
2022-01-03 16:51:25.721 [main] INFO  com.zaxxer.hikari.HikariDataSource - [getConnection,110] - hikariCP - Starting...
2022-01-03 16:51:25.943 [main] INFO  com.zaxxer.hikari.HikariDataSource - [getConnection,123] - hikariCP - Start completed.
2022-01-03 16:51:43.166 [XNIO-1 task-1] INFO  io.undertow.servlet - [log,382] - Initializing Spring DispatcherServlet 'dispatcherServlet'
2022-01-03 16:53:52.159 [XNIO-1 task-4] INFO  ltd.itema.mall.controller.mall.OrderController - [paySuccess,242] - 支付宝paySuccess通知数据记录：orderNo: 16412000267143854, payType：2
2022-01-03 17:18:23.404 [SpringApplicationShutdownHook] INFO  io.undertow - [stop,259] - stopping server: Undertow - 2.2.12.Final
2022-01-03 17:18:23.425 [SpringApplicationShutdownHook] INFO  io.undertow.servlet - [log,382] - Destroying Spring FrameworkServlet 'dispatcherServlet'
2022-01-03 17:18:23.530 [SpringApplicationShutdownHook] INFO  com.zaxxer.hikari.HikariDataSource - [close,350] - hikariCP - Shutdown initiated...
2022-01-03 17:18:23.552 [SpringApplicationShutdownHook] INFO  com.zaxxer.hikari.HikariDataSource - [close,352] - hikariCP - Shutdown completed.
2022-01-03 17:18:36.057 [main] INFO  ltd.itema.mall.ItemaMallPlusApplication - [logStarting,55] - Starting ItemaMallPlusApplication using Java 11.0.13 on DESKTOP-UPLS549 with PID 2996 (E:\javaweb\dx1\target\classes started by seaandsky佳 in E:\javaweb\dx1)
2022-01-03 17:18:36.060 [main] INFO  ltd.itema.mall.ItemaMallPlusApplication - [logStartupProfileInfo,663] - The following profiles are active: dev
2022-01-03 17:18:38.525 [main] INFO  io.undertow.servlet - [log,382] - Initializing Spring embedded WebApplicationContext
2022-01-03 17:18:40.423 [main] INFO  io.undertow - [start,120] - starting server: Undertow - 2.2.12.Final
2022-01-03 17:18:40.432 [main] INFO  org.xnio - [<clinit>,95] - XNIO version 3.8.4.Final
2022-01-03 17:18:40.437 [main] INFO  org.xnio.nio - [<clinit>,58] - XNIO NIO Implementation Version 3.8.4.Final
2022-01-03 17:18:40.483 [main] INFO  org.jboss.threads - [<clinit>,52] - JBoss Threads version 3.1.0.Final
2022-01-03 17:18:40.590 [main] INFO  ltd.itema.mall.ItemaMallPlusApplication - [logStarted,61] - Started ItemaMallPlusApplication in 5.181 seconds (JVM running for 6.643)
2022-01-03 17:18:40.624 [main] INFO  com.zaxxer.hikari.HikariDataSource - [getConnection,110] - hikariCP - Starting...
2022-01-03 17:18:40.800 [main] INFO  com.zaxxer.hikari.HikariDataSource - [getConnection,123] - hikariCP - Start completed.
2022-01-03 17:22:35.312 [XNIO-1 task-1] INFO  io.undertow.servlet - [log,382] - Initializing Spring DispatcherServlet 'dispatcherServlet'
2022-01-03 18:12:42.719 [SpringApplicationShutdownHook] INFO  io.undertow - [stop,259] - stopping server: Undertow - 2.2.12.Final
2022-01-03 18:12:42.743 [SpringApplicationShutdownHook] INFO  io.undertow.servlet - [log,382] - Destroying Spring FrameworkServlet 'dispatcherServlet'
2022-01-03 18:12:43.074 [SpringApplicationShutdownHook] INFO  com.zaxxer.hikari.HikariDataSource - [close,350] - hikariCP - Shutdown initiated...
2022-01-03 18:12:43.131 [SpringApplicationShutdownHook] INFO  com.zaxxer.hikari.HikariDataSource - [close,352] - hikariCP - Shutdown completed.
2022-01-03 18:13:01.113 [main] INFO  ltd.itema.mall.ItemaMallPlusApplication - [logStarting,55] - Starting ItemaMallPlusApplication using Java 11.0.13 on DESKTOP-UPLS549 with PID 19192 (E:\javaweb\dx1\target\classes started by seaandsky佳 in E:\javaweb\dx1)
2022-01-03 18:13:01.138 [main] INFO  ltd.itema.mall.ItemaMallPlusApplication - [logStartupProfileInfo,663] - The following profiles are active: dev
2022-01-03 18:13:07.369 [main] INFO  io.undertow.servlet - [log,382] - Initializing Spring embedded WebApplicationContext
2022-01-03 18:13:10.403 [main] INFO  io.undertow - [start,120] - starting server: Undertow - 2.2.12.Final
2022-01-03 18:13:10.415 [main] INFO  org.xnio - [<clinit>,95] - XNIO version 3.8.4.Final
2022-01-03 18:13:10.426 [main] INFO  org.xnio.nio - [<clinit>,58] - XNIO NIO Implementation Version 3.8.4.Final
2022-01-03 18:13:10.491 [main] INFO  org.jboss.threads - [<clinit>,52] - JBoss Threads version 3.1.0.Final
2022-01-03 18:13:10.763 [main] INFO  ltd.itema.mall.ItemaMallPlusApplication - [logStarted,61] - Started ItemaMallPlusApplication in 12.452 seconds (JVM running for 19.979)
2022-01-03 18:13:10.815 [main] INFO  com.zaxxer.hikari.HikariDataSource - [getConnection,110] - hikariCP - Starting...
2022-01-03 18:13:11.233 [main] INFO  com.zaxxer.hikari.HikariDataSource - [getConnection,123] - hikariCP - Start completed.
2022-01-03 18:15:13.915 [XNIO-1 task-1] INFO  io.undertow.servlet - [log,382] - Initializing Spring DispatcherServlet 'dispatcherServlet'
2022-01-03 18:26:28.989 [SpringApplicationShutdownHook] INFO  io.undertow - [stop,259] - stopping server: Undertow - 2.2.12.Final
2022-01-03 18:26:29.019 [SpringApplicationShutdownHook] INFO  io.undertow.servlet - [log,382] - Destroying Spring FrameworkServlet 'dispatcherServlet'
2022-01-03 18:26:29.159 [SpringApplicationShutdownHook] INFO  com.zaxxer.hikari.HikariDataSource - [close,350] - hikariCP - Shutdown initiated...
2022-01-03 18:26:29.287 [SpringApplicationShutdownHook] INFO  com.zaxxer.hikari.HikariDataSource - [close,352] - hikariCP - Shutdown completed.
2022-01-03 18:26:40.876 [main] INFO  ltd.itema.mall.ItemaMallPlusApplication - [logStarting,55] - Starting ItemaMallPlusApplication using Java 11.0.13 on DESKTOP-UPLS549 with PID 14988 (E:\javaweb\dx1\target\classes started by seaandsky佳 in E:\javaweb\dx1)
2022-01-03 18:26:40.883 [main] INFO  ltd.itema.mall.ItemaMallPlusApplication - [logStartupProfileInfo,663] - The following profiles are active: dev
2022-01-03 18:26:50.014 [main] INFO  io.undertow.servlet - [log,382] - Initializing Spring embedded WebApplicationContext
2022-01-03 18:26:55.528 [main] INFO  io.undertow - [start,120] - starting server: Undertow - 2.2.12.Final
2022-01-03 18:26:55.541 [main] INFO  org.xnio - [<clinit>,95] - XNIO version 3.8.4.Final
2022-01-03 18:26:55.555 [main] INFO  org.xnio.nio - [<clinit>,58] - XNIO NIO Implementation Version 3.8.4.Final
2022-01-03 18:26:55.626 [main] INFO  org.jboss.threads - [<clinit>,52] - JBoss Threads version 3.1.0.Final
2022-01-03 18:26:55.745 [main] INFO  ltd.itema.mall.ItemaMallPlusApplication - [logStarted,61] - Started ItemaMallPlusApplication in 16.373 seconds (JVM running for 20.446)
2022-01-03 18:26:55.790 [main] INFO  com.zaxxer.hikari.HikariDataSource - [getConnection,110] - hikariCP - Starting...
2022-01-03 18:26:55.937 [XNIO-1 task-1] INFO  io.undertow.servlet - [log,382] - Initializing Spring DispatcherServlet 'dispatcherServlet'
2022-01-03 18:26:56.424 [main] INFO  com.zaxxer.hikari.HikariDataSource - [getConnection,123] - hikariCP - Start completed.
2022-01-03 18:45:39.196 [SpringApplicationShutdownHook] INFO  io.undertow - [stop,259] - stopping server: Undertow - 2.2.12.Final
2022-01-03 18:45:39.226 [SpringApplicationShutdownHook] INFO  io.undertow.servlet - [log,382] - Destroying Spring FrameworkServlet 'dispatcherServlet'
2022-01-03 18:45:39.400 [SpringApplicationShutdownHook] INFO  com.zaxxer.hikari.HikariDataSource - [close,350] - hikariCP - Shutdown initiated...
2022-01-03 18:45:39.511 [SpringApplicationShutdownHook] INFO  com.zaxxer.hikari.HikariDataSource - [close,352] - hikariCP - Shutdown completed.
2022-01-03 18:45:52.996 [main] INFO  ltd.itema.mall.ItemaMallPlusApplication - [logStarting,55] - Starting ItemaMallPlusApplication using Java 11.0.13 on DESKTOP-UPLS549 with PID 18468 (E:\javaweb\dx1\target\classes started by seaandsky佳 in E:\javaweb\dx1)
2022-01-03 18:45:53.006 [main] INFO  ltd.itema.mall.ItemaMallPlusApplication - [logStartupProfileInfo,663] - The following profiles are active: dev
2022-01-03 18:45:58.195 [main] INFO  io.undertow.servlet - [log,382] - Initializing Spring embedded WebApplicationContext
2022-01-03 18:46:02.475 [main] INFO  io.undertow - [start,120] - starting server: Undertow - 2.2.12.Final
2022-01-03 18:46:02.487 [main] INFO  org.xnio - [<clinit>,95] - XNIO version 3.8.4.Final
2022-01-03 18:46:02.500 [main] INFO  org.xnio.nio - [<clinit>,58] - XNIO NIO Implementation Version 3.8.4.Final
2022-01-03 18:46:02.563 [main] INFO  org.jboss.threads - [<clinit>,52] - JBoss Threads version 3.1.0.Final
2022-01-03 18:46:02.680 [main] INFO  ltd.itema.mall.ItemaMallPlusApplication - [logStarted,61] - Started ItemaMallPlusApplication in 11.173 seconds (JVM running for 15.133)
2022-01-03 18:46:02.703 [main] INFO  com.zaxxer.hikari.HikariDataSource - [getConnection,110] - hikariCP - Starting...
2022-01-03 18:46:02.984 [main] INFO  com.zaxxer.hikari.HikariDataSource - [getConnection,123] - hikariCP - Start completed.
2022-01-03 18:46:11.798 [XNIO-1 task-1] INFO  io.undertow.servlet - [log,382] - Initializing Spring DispatcherServlet 'dispatcherServlet'
2022-01-03 18:54:35.916 [SpringApplicationShutdownHook] INFO  io.undertow - [stop,259] - stopping server: Undertow - 2.2.12.Final
2022-01-03 18:54:35.939 [SpringApplicationShutdownHook] INFO  io.undertow.servlet - [log,382] - Destroying Spring FrameworkServlet 'dispatcherServlet'
2022-01-03 18:54:36.073 [SpringApplicationShutdownHook] INFO  com.zaxxer.hikari.HikariDataSource - [close,350] - hikariCP - Shutdown initiated...
2022-01-03 18:54:36.175 [SpringApplicationShutdownHook] INFO  com.zaxxer.hikari.HikariDataSource - [close,352] - hikariCP - Shutdown completed.
2022-01-03 18:54:50.089 [main] INFO  ltd.itema.mall.ItemaMallPlusApplication - [logStarting,55] - Starting ItemaMallPlusApplication using Java 11.0.13 on DESKTOP-UPLS549 with PID 15148 (E:\javaweb\dx1\target\classes started by seaandsky佳 in E:\javaweb\dx1)
2022-01-03 18:54:50.094 [main] INFO  ltd.itema.mall.ItemaMallPlusApplication - [logStartupProfileInfo,663] - The following profiles are active: dev
2022-01-03 18:54:53.734 [main] INFO  io.undertow.servlet - [log,382] - Initializing Spring embedded WebApplicationContext
2022-01-03 18:54:56.323 [main] INFO  io.undertow - [start,120] - starting server: Undertow - 2.2.12.Final
2022-01-03 18:54:56.330 [main] INFO  org.xnio - [<clinit>,95] - XNIO version 3.8.4.Final
2022-01-03 18:54:56.338 [main] INFO  org.xnio.nio - [<clinit>,58] - XNIO NIO Implementation Version 3.8.4.Final
2022-01-03 18:54:56.392 [main] INFO  org.jboss.threads - [<clinit>,52] - JBoss Threads version 3.1.0.Final
2022-01-03 18:54:56.524 [main] INFO  ltd.itema.mall.ItemaMallPlusApplication - [logStarted,61] - Started ItemaMallPlusApplication in 7.95 seconds (JVM running for 12.373)
2022-01-03 18:54:56.567 [main] INFO  com.zaxxer.hikari.HikariDataSource - [getConnection,110] - hikariCP - Starting...
2022-01-03 18:54:56.945 [main] INFO  com.zaxxer.hikari.HikariDataSource - [getConnection,123] - hikariCP - Start completed.
2022-01-03 18:55:12.153 [XNIO-1 task-1] INFO  io.undertow.servlet - [log,382] - Initializing Spring DispatcherServlet 'dispatcherServlet'
2022-01-03 18:56:28.012 [XNIO-1 task-2] INFO  ltd.itema.mall.controller.mall.OrderController - [paySuccess,242] - 支付宝paySuccess通知数据记录：orderNo: 16412073824826589, payType：2
2022-01-03 20:39:12.721 [XNIO-1 task-6] INFO  ltd.itema.mall.controller.mall.OrderController - [paySuccess,242] - 支付宝paySuccess通知数据记录：orderNo: 16412135449339713, payType：2
2022-01-03 21:12:21.495 [SpringApplicationShutdownHook] INFO  io.undertow - [stop,259] - stopping server: Undertow - 2.2.12.Final
2022-01-03 21:12:21.546 [SpringApplicationShutdownHook] INFO  io.undertow.servlet - [log,382] - Destroying Spring FrameworkServlet 'dispatcherServlet'
2022-01-03 21:12:21.931 [SpringApplicationShutdownHook] INFO  com.zaxxer.hikari.HikariDataSource - [close,350] - hikariCP - Shutdown initiated...
2022-01-03 21:12:21.999 [SpringApplicationShutdownHook] INFO  com.zaxxer.hikari.HikariDataSource - [close,352] - hikariCP - Shutdown completed.
2022-01-03 21:13:11.344 [main] INFO  ltd.itema.mall.ItemaMallPlusApplication - [logStarting,55] - Starting ItemaMallPlusApplication using Java 11.0.13 on DESKTOP-UPLS549 with PID 19048 (E:\javaweb\dx1\target\classes started by seaandsky佳 in E:\javaweb\dx1)
2022-01-03 21:13:11.362 [main] INFO  ltd.itema.mall.ItemaMallPlusApplication - [logStartupProfileInfo,663] - The following profiles are active: dev
2022-01-03 21:13:17.080 [main] INFO  io.undertow.servlet - [log,382] - Initializing Spring embedded WebApplicationContext
2022-01-03 21:13:21.696 [main] INFO  io.undertow - [start,120] - starting server: Undertow - 2.2.12.Final
2022-01-03 21:13:21.718 [main] INFO  org.xnio - [<clinit>,95] - XNIO version 3.8.4.Final
2022-01-03 21:13:21.766 [main] INFO  org.xnio.nio - [<clinit>,58] - XNIO NIO Implementation Version 3.8.4.Final
2022-01-03 21:13:21.851 [main] INFO  org.jboss.threads - [<clinit>,52] - JBoss Threads version 3.1.0.Final
2022-01-03 21:13:21.962 [main] INFO  ltd.itema.mall.ItemaMallPlusApplication - [logStarted,61] - Started ItemaMallPlusApplication in 12.774 seconds (JVM running for 20.597)
2022-01-03 21:13:21.991 [main] INFO  com.zaxxer.hikari.HikariDataSource - [getConnection,110] - hikariCP - Starting...
2022-01-03 21:13:22.918 [main] INFO  com.zaxxer.hikari.HikariDataSource - [getConnection,123] - hikariCP - Start completed.
2022-01-03 21:15:14.054 [XNIO-1 task-1] INFO  io.undertow.servlet - [log,382] - Initializing Spring DispatcherServlet 'dispatcherServlet'
2022-01-03 21:15:59.319 [XNIO-1 task-1] INFO  ltd.itema.mall.controller.mall.OrderController - [paySuccess,242] - 支付宝paySuccess通知数据记录：orderNo: 16412157528989026, payType：2
2022-01-03 21:28:34.962 [SpringApplicationShutdownHook] INFO  io.undertow - [stop,259] - stopping server: Undertow - 2.2.12.Final
2022-01-03 21:28:34.982 [SpringApplicationShutdownHook] INFO  io.undertow.servlet - [log,382] - Destroying Spring FrameworkServlet 'dispatcherServlet'
2022-01-03 21:28:35.195 [SpringApplicationShutdownHook] INFO  com.zaxxer.hikari.HikariDataSource - [close,350] - hikariCP - Shutdown initiated...
2022-01-03 21:28:35.286 [SpringApplicationShutdownHook] INFO  com.zaxxer.hikari.HikariDataSource - [close,352] - hikariCP - Shutdown completed.
2022-01-03 21:28:46.396 [main] INFO  ltd.itema.mall.ItemaMallPlusApplication - [logStarting,55] - Starting ItemaMallPlusApplication using Java 11.0.13 on DESKTOP-UPLS549 with PID 1316 (E:\javaweb\dx1\target\classes started by seaandsky佳 in E:\javaweb\dx1)
2022-01-03 21:28:46.400 [main] INFO  ltd.itema.mall.ItemaMallPlusApplication - [logStartupProfileInfo,663] - The following profiles are active: dev
2022-01-03 21:28:48.905 [main] INFO  io.undertow.servlet - [log,382] - Initializing Spring embedded WebApplicationContext
2022-01-03 21:28:50.749 [main] INFO  io.undertow - [start,120] - starting server: Undertow - 2.2.12.Final
2022-01-03 21:28:50.756 [main] INFO  org.xnio - [<clinit>,95] - XNIO version 3.8.4.Final
2022-01-03 21:28:50.764 [main] INFO  org.xnio.nio - [<clinit>,58] - XNIO NIO Implementation Version 3.8.4.Final
2022-01-03 21:28:50.806 [main] INFO  org.jboss.threads - [<clinit>,52] - JBoss Threads version 3.1.0.Final
2022-01-03 21:28:50.874 [main] INFO  ltd.itema.mall.ItemaMallPlusApplication - [logStarted,61] - Started ItemaMallPlusApplication in 5.2 seconds (JVM running for 7.415)
2022-01-03 21:28:50.895 [main] INFO  com.zaxxer.hikari.HikariDataSource - [getConnection,110] - hikariCP - Starting...
2022-01-03 21:28:51.075 [main] INFO  com.zaxxer.hikari.HikariDataSource - [getConnection,123] - hikariCP - Start completed.
2022-01-03 21:29:21.460 [XNIO-1 task-1] INFO  io.undertow.servlet - [log,382] - Initializing Spring DispatcherServlet 'dispatcherServlet'
2022-01-03 21:30:47.244 [SpringApplicationShutdownHook] INFO  io.undertow - [stop,259] - stopping server: Undertow - 2.2.12.Final
2022-01-03 21:30:47.255 [SpringApplicationShutdownHook] INFO  io.undertow.servlet - [log,382] - Destroying Spring FrameworkServlet 'dispatcherServlet'
2022-01-03 21:30:47.295 [SpringApplicationShutdownHook] INFO  com.zaxxer.hikari.HikariDataSource - [close,350] - hikariCP - Shutdown initiated...
2022-01-03 21:30:47.344 [SpringApplicationShutdownHook] INFO  com.zaxxer.hikari.HikariDataSource - [close,352] - hikariCP - Shutdown completed.
2022-01-03 21:30:56.337 [main] INFO  ltd.itema.mall.ItemaMallPlusApplication - [logStarting,55] - Starting ItemaMallPlusApplication using Java 11.0.13 on DESKTOP-UPLS549 with PID 8224 (E:\javaweb\dx1\target\classes started by seaandsky佳 in E:\javaweb\dx1)
2022-01-03 21:30:56.342 [main] INFO  ltd.itema.mall.ItemaMallPlusApplication - [logStartupProfileInfo,663] - The following profiles are active: dev
2022-01-03 21:30:59.832 [main] INFO  io.undertow.servlet - [log,382] - Initializing Spring embedded WebApplicationContext
2022-01-03 21:31:02.306 [main] INFO  io.undertow - [start,120] - starting server: Undertow - 2.2.12.Final
2022-01-03 21:31:02.317 [main] INFO  org.xnio - [<clinit>,95] - XNIO version 3.8.4.Final
2022-01-03 21:31:02.328 [main] INFO  org.xnio.nio - [<clinit>,58] - XNIO NIO Implementation Version 3.8.4.Final
2022-01-03 21:31:02.385 [main] INFO  org.jboss.threads - [<clinit>,52] - JBoss Threads version 3.1.0.Final
2022-01-03 21:31:02.543 [main] INFO  ltd.itema.mall.ItemaMallPlusApplication - [logStarted,61] - Started ItemaMallPlusApplication in 7.267 seconds (JVM running for 9.027)
2022-01-03 21:31:02.584 [main] INFO  com.zaxxer.hikari.HikariDataSource - [getConnection,110] - hikariCP - Starting...
2022-01-03 21:31:02.892 [main] INFO  com.zaxxer.hikari.HikariDataSource - [getConnection,123] - hikariCP - Start completed.
2022-01-03 21:31:24.261 [XNIO-1 task-1] INFO  io.undertow.servlet - [log,382] - Initializing Spring DispatcherServlet 'dispatcherServlet'
2022-01-03 21:35:31.670 [SpringApplicationShutdownHook] INFO  io.undertow - [stop,259] - stopping server: Undertow - 2.2.12.Final
2022-01-03 21:35:31.679 [SpringApplicationShutdownHook] INFO  io.undertow.servlet - [log,382] - Destroying Spring FrameworkServlet 'dispatcherServlet'
2022-01-03 21:35:31.718 [SpringApplicationShutdownHook] INFO  com.zaxxer.hikari.HikariDataSource - [close,350] - hikariCP - Shutdown initiated...
2022-01-03 21:35:31.750 [SpringApplicationShutdownHook] INFO  com.zaxxer.hikari.HikariDataSource - [close,352] - hikariCP - Shutdown completed.
2022-01-03 21:35:38.862 [main] INFO  ltd.itema.mall.ItemaMallPlusApplication - [logStarting,55] - Starting ItemaMallPlusApplication using Java 11.0.13 on DESKTOP-UPLS549 with PID 10772 (E:\javaweb\dx1\target\classes started by seaandsky佳 in E:\javaweb\dx1)
2022-01-03 21:35:38.867 [main] INFO  ltd.itema.mall.ItemaMallPlusApplication - [logStartupProfileInfo,663] - The following profiles are active: dev
2022-01-03 21:35:41.649 [main] INFO  io.undertow.servlet - [log,382] - Initializing Spring embedded WebApplicationContext
2022-01-03 21:35:43.709 [main] INFO  io.undertow - [start,120] - starting server: Undertow - 2.2.12.Final
2022-01-03 21:35:43.716 [main] INFO  org.xnio - [<clinit>,95] - XNIO version 3.8.4.Final
2022-01-03 21:35:43.723 [main] INFO  org.xnio.nio - [<clinit>,58] - XNIO NIO Implementation Version 3.8.4.Final
2022-01-03 21:35:43.760 [main] INFO  org.jboss.threads - [<clinit>,52] - JBoss Threads version 3.1.0.Final
2022-01-03 21:35:43.837 [main] INFO  ltd.itema.mall.ItemaMallPlusApplication - [logStarted,61] - Started ItemaMallPlusApplication in 5.752 seconds (JVM running for 7.381)
2022-01-03 21:35:43.868 [main] INFO  com.zaxxer.hikari.HikariDataSource - [getConnection,110] - hikariCP - Starting...
2022-01-03 21:35:44.071 [main] INFO  com.zaxxer.hikari.HikariDataSource - [getConnection,123] - hikariCP - Start completed.
2022-01-03 21:35:54.399 [XNIO-1 task-1] INFO  io.undertow.servlet - [log,382] - Initializing Spring DispatcherServlet 'dispatcherServlet'
2022-01-03 21:36:15.794 [XNIO-1 task-2] INFO  ltd.itema.mall.controller.mall.OrderController - [paySuccess,242] - 支付宝paySuccess通知数据记录：orderNo: 16412169700055319, payType：2
2022-01-03 21:45:59.415 [SpringApplicationShutdownHook] INFO  io.undertow - [stop,259] - stopping server: Undertow - 2.2.12.Final
2022-01-03 21:45:59.424 [SpringApplicationShutdownHook] INFO  io.undertow.servlet - [log,382] - Destroying Spring FrameworkServlet 'dispatcherServlet'
2022-01-03 21:45:59.466 [SpringApplicationShutdownHook] INFO  com.zaxxer.hikari.HikariDataSource - [close,350] - hikariCP - Shutdown initiated...
2022-01-03 21:45:59.502 [SpringApplicationShutdownHook] INFO  com.zaxxer.hikari.HikariDataSource - [close,352] - hikariCP - Shutdown completed.
2022-01-03 21:46:06.957 [main] INFO  ltd.itema.mall.ItemaMallPlusApplication - [logStarting,55] - Starting ItemaMallPlusApplication using Java 11.0.13 on DESKTOP-UPLS549 with PID 16468 (E:\javaweb\dx1\target\classes started by seaandsky佳 in E:\javaweb\dx1)
2022-01-03 21:46:06.965 [main] INFO  ltd.itema.mall.ItemaMallPlusApplication - [logStartupProfileInfo,663] - The following profiles are active: dev
2022-01-03 21:46:10.961 [main] INFO  io.undertow.servlet - [log,382] - Initializing Spring embedded WebApplicationContext
2022-01-03 21:46:14.381 [main] INFO  io.undertow - [start,120] - starting server: Undertow - 2.2.12.Final
2022-01-03 21:46:14.389 [main] INFO  org.xnio - [<clinit>,95] - XNIO version 3.8.4.Final
2022-01-03 21:46:14.397 [main] INFO  org.xnio.nio - [<clinit>,58] - XNIO NIO Implementation Version 3.8.4.Final
2022-01-03 21:46:14.439 [main] INFO  org.jboss.threads - [<clinit>,52] - JBoss Threads version 3.1.0.Final
2022-01-03 21:46:14.499 [main] INFO  ltd.itema.mall.ItemaMallPlusApplication - [logStarted,61] - Started ItemaMallPlusApplication in 9.067 seconds (JVM running for 10.653)
2022-01-03 21:46:14.521 [main] INFO  com.zaxxer.hikari.HikariDataSource - [getConnection,110] - hikariCP - Starting...
2022-01-03 21:46:14.719 [main] INFO  com.zaxxer.hikari.HikariDataSource - [getConnection,123] - hikariCP - Start completed.
2022-01-03 21:56:36.536 [SpringApplicationShutdownHook] INFO  io.undertow - [stop,259] - stopping server: Undertow - 2.2.12.Final
2022-01-03 21:56:36.582 [SpringApplicationShutdownHook] INFO  com.zaxxer.hikari.HikariDataSource - [close,350] - hikariCP - Shutdown initiated...
2022-01-03 21:56:36.605 [SpringApplicationShutdownHook] INFO  com.zaxxer.hikari.HikariDataSource - [close,352] - hikariCP - Shutdown completed.
2022-01-03 22:08:42.980 [main] INFO  ltd.itema.mall.ItemaMallPlusApplication - [logStarting,55] - Starting ItemaMallPlusApplication using Java 11.0.13 on DESKTOP-UPLS549 with PID 12300 (E:\javaweb\dx1\target\classes started by seaandsky佳 in E:\javaweb\dx1)
2022-01-03 22:08:42.984 [main] INFO  ltd.itema.mall.ItemaMallPlusApplication - [logStartupProfileInfo,663] - The following profiles are active: dev
2022-01-03 22:08:47.012 [main] INFO  io.undertow.servlet - [log,382] - Initializing Spring embedded WebApplicationContext
2022-01-03 22:08:50.684 [main] INFO  io.undertow - [start,120] - starting server: Undertow - 2.2.12.Final
2022-01-03 22:08:50.692 [main] INFO  org.xnio - [<clinit>,95] - XNIO version 3.8.4.Final
2022-01-03 22:08:50.701 [main] INFO  org.xnio.nio - [<clinit>,58] - XNIO NIO Implementation Version 3.8.4.Final
2022-01-03 22:08:50.742 [main] INFO  org.jboss.threads - [<clinit>,52] - JBoss Threads version 3.1.0.Final
2022-01-03 22:08:50.830 [main] INFO  ltd.itema.mall.ItemaMallPlusApplication - [logStarted,61] - Started ItemaMallPlusApplication in 9.206 seconds (JVM running for 12.737)
2022-01-03 22:08:50.867 [main] INFO  com.zaxxer.hikari.HikariDataSource - [getConnection,110] - hikariCP - Starting...
2022-01-03 22:08:58.700 [main] INFO  io.undertow - [stop,259] - stopping server: Undertow - 2.2.12.Final
2022-01-03 22:09:49.680 [main] INFO  ltd.itema.mall.ItemaMallPlusApplication - [logStarting,55] - Starting ItemaMallPlusApplication using Java 11.0.13 on DESKTOP-UPLS549 with PID 16412 (E:\javaweb\dx1\target\classes started by seaandsky佳 in E:\javaweb\dx1)
2022-01-03 22:09:49.685 [main] INFO  ltd.itema.mall.ItemaMallPlusApplication - [logStartupProfileInfo,663] - The following profiles are active: dev
2022-01-03 22:09:52.042 [main] INFO  io.undertow.servlet - [log,382] - Initializing Spring embedded WebApplicationContext
2022-01-03 22:09:53.873 [main] INFO  io.undertow - [start,120] - starting server: Undertow - 2.2.12.Final
2022-01-03 22:09:53.880 [main] INFO  org.xnio - [<clinit>,95] - XNIO version 3.8.4.Final
2022-01-03 22:09:53.888 [main] INFO  org.xnio.nio - [<clinit>,58] - XNIO NIO Implementation Version 3.8.4.Final
2022-01-03 22:09:53.943 [main] INFO  org.jboss.threads - [<clinit>,52] - JBoss Threads version 3.1.0.Final
2022-01-03 22:09:54.033 [main] INFO  ltd.itema.mall.ItemaMallPlusApplication - [logStarted,61] - Started ItemaMallPlusApplication in 5.039 seconds (JVM running for 6.532)
2022-01-03 22:09:54.063 [main] INFO  com.zaxxer.hikari.HikariDataSource - [getConnection,110] - hikariCP - Starting...
2022-01-03 22:09:55.289 [main] INFO  com.zaxxer.hikari.HikariDataSource - [getConnection,123] - hikariCP - Start completed.
2022-01-03 22:09:55.793 [main] INFO  io.undertow - [stop,259] - stopping server: Undertow - 2.2.12.Final
2022-01-03 22:09:55.884 [main] INFO  com.zaxxer.hikari.HikariDataSource - [close,350] - hikariCP - Shutdown initiated...
2022-01-03 22:09:55.961 [main] INFO  com.zaxxer.hikari.HikariDataSource - [close,352] - hikariCP - Shutdown completed.
2022-01-03 22:15:10.125 [main] INFO  ltd.itema.mall.ItemaMallPlusApplication - [logStarting,55] - Starting ItemaMallPlusApplication using Java 11.0.13 on DESKTOP-UPLS549 with PID 16080 (E:\javaweb\dx1\target\classes started by seaandsky佳 in E:\javaweb\dx1)
2022-01-03 22:15:10.131 [main] INFO  ltd.itema.mall.ItemaMallPlusApplication - [logStartupProfileInfo,663] - The following profiles are active: dev
2022-01-03 22:15:12.726 [main] INFO  io.undertow.servlet - [log,382] - Initializing Spring embedded WebApplicationContext
2022-01-03 22:15:14.437 [main] INFO  io.undertow - [start,120] - starting server: Undertow - 2.2.12.Final
2022-01-03 22:15:14.445 [main] INFO  org.xnio - [<clinit>,95] - XNIO version 3.8.4.Final
2022-01-03 22:15:14.455 [main] INFO  org.xnio.nio - [<clinit>,58] - XNIO NIO Implementation Version 3.8.4.Final
2022-01-03 22:15:14.507 [main] INFO  org.jboss.threads - [<clinit>,52] - JBoss Threads version 3.1.0.Final
2022-01-03 22:15:14.597 [main] INFO  ltd.itema.mall.ItemaMallPlusApplication - [logStarted,61] - Started ItemaMallPlusApplication in 5.203 seconds (JVM running for 6.543)
2022-01-03 22:15:14.629 [main] INFO  com.zaxxer.hikari.HikariDataSource - [getConnection,110] - hikariCP - Starting...
2022-01-03 22:15:14.879 [main] INFO  com.zaxxer.hikari.HikariDataSource - [getConnection,123] - hikariCP - Start completed.
2022-01-03 22:15:15.123 [main] INFO  io.undertow - [stop,259] - stopping server: Undertow - 2.2.12.Final
2022-01-03 22:15:15.197 [main] INFO  com.zaxxer.hikari.HikariDataSource - [close,350] - hikariCP - Shutdown initiated...
2022-01-03 22:15:15.234 [main] INFO  com.zaxxer.hikari.HikariDataSource - [close,352] - hikariCP - Shutdown completed.
2022-01-03 22:24:48.420 [main] INFO  ltd.itema.mall.ItemaMallPlusApplication - [logStarting,55] - Starting ItemaMallPlusApplication using Java 11.0.13 on DESKTOP-UPLS549 with PID 15908 (E:\javaweb\dx1\target\classes started by seaandsky佳 in E:\javaweb\dx1)
2022-01-03 22:24:48.426 [main] INFO  ltd.itema.mall.ItemaMallPlusApplication - [logStartupProfileInfo,663] - The following profiles are active: dev
2022-01-03 22:24:50.392 [main] INFO  io.undertow.servlet - [log,382] - Initializing Spring embedded WebApplicationContext
2022-01-03 22:24:52.075 [main] INFO  io.undertow - [start,120] - starting server: Undertow - 2.2.12.Final
2022-01-03 22:24:52.084 [main] INFO  org.xnio - [<clinit>,95] - XNIO version 3.8.4.Final
2022-01-03 22:24:52.095 [main] INFO  org.xnio.nio - [<clinit>,58] - XNIO NIO Implementation Version 3.8.4.Final
2022-01-03 22:24:52.151 [main] INFO  org.jboss.threads - [<clinit>,52] - JBoss Threads version 3.1.0.Final
2022-01-03 22:24:52.244 [main] INFO  ltd.itema.mall.ItemaMallPlusApplication - [logStarted,61] - Started ItemaMallPlusApplication in 4.57 seconds (JVM running for 6.218)
2022-01-03 22:24:52.273 [main] INFO  com.zaxxer.hikari.HikariDataSource - [getConnection,110] - hikariCP - Starting...
2022-01-03 22:24:52.486 [main] INFO  com.zaxxer.hikari.HikariDataSource - [getConnection,123] - hikariCP - Start completed.
2022-01-03 22:25:06.501 [XNIO-1 task-1] INFO  io.undertow.servlet - [log,382] - Initializing Spring DispatcherServlet 'dispatcherServlet'
2022-01-03 22:26:17.234 [SpringApplicationShutdownHook] INFO  io.undertow - [stop,259] - stopping server: Undertow - 2.2.12.Final
2022-01-03 22:26:17.256 [SpringApplicationShutdownHook] INFO  io.undertow.servlet - [log,382] - Destroying Spring FrameworkServlet 'dispatcherServlet'
2022-01-03 22:26:17.333 [SpringApplicationShutdownHook] INFO  com.zaxxer.hikari.HikariDataSource - [close,350] - hikariCP - Shutdown initiated...
2022-01-03 22:26:17.500 [SpringApplicationShutdownHook] INFO  com.zaxxer.hikari.HikariDataSource - [close,352] - hikariCP - Shutdown completed.
2022-01-03 22:57:42.700 [main] INFO  ltd.itema.mall.ItemaMallPlusApplication - [logStarting,55] - Starting ItemaMallPlusApplication using Java 11.0.13 on DESKTOP-UPLS549 with PID 18848 (E:\javaweb\dx1\target\classes started by seaandsky佳 in E:\javaweb\dx1)
2022-01-03 22:57:42.702 [main] INFO  ltd.itema.mall.ItemaMallPlusApplication - [logStartupProfileInfo,663] - The following profiles are active: dev
2022-01-03 22:57:44.151 [main] INFO  io.undertow.servlet - [log,382] - Initializing Spring embedded WebApplicationContext
2022-01-03 22:57:45.311 [main] INFO  io.undertow - [start,120] - starting server: Undertow - 2.2.12.Final
2022-01-03 22:57:45.315 [main] INFO  org.xnio - [<clinit>,95] - XNIO version 3.8.4.Final
2022-01-03 22:57:45.319 [main] INFO  org.xnio.nio - [<clinit>,58] - XNIO NIO Implementation Version 3.8.4.Final
2022-01-03 22:57:45.347 [main] INFO  org.jboss.threads - [<clinit>,52] - JBoss Threads version 3.1.0.Final
2022-01-03 22:57:45.505 [main] INFO  ltd.itema.mall.ItemaMallPlusApplication - [logStarted,61] - Started ItemaMallPlusApplication in 3.157 seconds (JVM running for 4.357)
2022-01-03 22:57:45.518 [main] INFO  com.zaxxer.hikari.HikariDataSource - [getConnection,110] - hikariCP - Starting...
2022-01-03 22:57:45.621 [main] INFO  com.zaxxer.hikari.HikariDataSource - [getConnection,123] - hikariCP - Start completed.
2022-01-03 22:58:00.846 [XNIO-1 task-1] INFO  io.undertow.servlet - [log,382] - Initializing Spring DispatcherServlet 'dispatcherServlet'
2022-01-03 23:05:25.862 [SpringApplicationShutdownHook] INFO  io.undertow - [stop,259] - stopping server: Undertow - 2.2.12.Final
2022-01-03 23:05:25.882 [SpringApplicationShutdownHook] INFO  io.undertow.servlet - [log,382] - Destroying Spring FrameworkServlet 'dispatcherServlet'
2022-01-03 23:05:26.048 [SpringApplicationShutdownHook] INFO  com.zaxxer.hikari.HikariDataSource - [close,350] - hikariCP - Shutdown initiated...
2022-01-03 23:05:26.184 [SpringApplicationShutdownHook] INFO  com.zaxxer.hikari.HikariDataSource - [close,352] - hikariCP - Shutdown completed.
2022-01-03 23:05:33.369 [main] INFO  ltd.itema.mall.ItemaMallPlusApplication - [logStarting,55] - Starting ItemaMallPlusApplication using Java 11.0.13 on DESKTOP-UPLS549 with PID 18972 (E:\javaweb\dx1\target\classes started by seaandsky佳 in E:\javaweb\dx1)
2022-01-03 23:05:33.374 [main] INFO  ltd.itema.mall.ItemaMallPlusApplication - [logStartupProfileInfo,663] - The following profiles are active: dev
2022-01-03 23:05:35.903 [main] INFO  io.undertow.servlet - [log,382] - Initializing Spring embedded WebApplicationContext
2022-01-03 23:05:37.918 [main] INFO  io.undertow - [start,120] - starting server: Undertow - 2.2.12.Final
2022-01-03 23:05:37.928 [main] INFO  org.xnio - [<clinit>,95] - XNIO version 3.8.4.Final
2022-01-03 23:05:37.938 [main] INFO  org.xnio.nio - [<clinit>,58] - XNIO NIO Implementation Version 3.8.4.Final
2022-01-03 23:05:38.009 [main] INFO  org.jboss.threads - [<clinit>,52] - JBoss Threads version 3.1.0.Final
2022-01-03 23:05:38.097 [main] INFO  ltd.itema.mall.ItemaMallPlusApplication - [logStarted,61] - Started ItemaMallPlusApplication in 5.597 seconds (JVM running for 7.525)
2022-01-03 23:05:38.127 [main] INFO  com.zaxxer.hikari.HikariDataSource - [getConnection,110] - hikariCP - Starting...
2022-01-03 23:05:38.411 [main] INFO  com.zaxxer.hikari.HikariDataSource - [getConnection,123] - hikariCP - Start completed.
2022-01-03 23:05:47.183 [XNIO-1 task-1] INFO  io.undertow.servlet - [log,382] - Initializing Spring DispatcherServlet 'dispatcherServlet'
2022-01-03 23:10:33.245 [SpringApplicationShutdownHook] INFO  io.undertow - [stop,259] - stopping server: Undertow - 2.2.12.Final
2022-01-03 23:10:33.251 [SpringApplicationShutdownHook] INFO  io.undertow.servlet - [log,382] - Destroying Spring FrameworkServlet 'dispatcherServlet'
2022-01-03 23:10:33.286 [SpringApplicationShutdownHook] INFO  com.zaxxer.hikari.HikariDataSource - [close,350] - hikariCP - Shutdown initiated...
2022-01-03 23:10:33.311 [SpringApplicationShutdownHook] INFO  com.zaxxer.hikari.HikariDataSource - [close,352] - hikariCP - Shutdown completed.
2022-01-03 23:10:39.292 [main] INFO  ltd.itema.mall.ItemaMallPlusApplication - [logStarting,55] - Starting ItemaMallPlusApplication using Java 11.0.13 on DESKTOP-UPLS549 with PID 12192 (E:\javaweb\dx1\target\classes started by seaandsky佳 in E:\javaweb\dx1)
2022-01-03 23:10:39.295 [main] INFO  ltd.itema.mall.ItemaMallPlusApplication - [logStartupProfileInfo,663] - The following profiles are active: dev
2022-01-03 23:10:41.761 [main] INFO  io.undertow.servlet - [log,382] - Initializing Spring embedded WebApplicationContext
2022-01-03 23:10:43.874 [main] INFO  io.undertow - [start,120] - starting server: Undertow - 2.2.12.Final
2022-01-03 23:10:43.881 [main] INFO  org.xnio - [<clinit>,95] - XNIO version 3.8.4.Final
2022-01-03 23:10:43.888 [main] INFO  org.xnio.nio - [<clinit>,58] - XNIO NIO Implementation Version 3.8.4.Final
2022-01-03 23:10:43.928 [main] INFO  org.jboss.threads - [<clinit>,52] - JBoss Threads version 3.1.0.Final
2022-01-03 23:10:43.998 [main] INFO  ltd.itema.mall.ItemaMallPlusApplication - [logStarted,61] - Started ItemaMallPlusApplication in 5.389 seconds (JVM running for 7.003)
2022-01-03 23:10:44.026 [main] INFO  com.zaxxer.hikari.HikariDataSource - [getConnection,110] - hikariCP - Starting...
2022-01-03 23:10:44.295 [main] INFO  com.zaxxer.hikari.HikariDataSource - [getConnection,123] - hikariCP - Start completed.
2022-01-03 23:10:56.166 [XNIO-1 task-1] INFO  io.undertow.servlet - [log,382] - Initializing Spring DispatcherServlet 'dispatcherServlet'
2022-01-03 23:12:01.878 [SpringApplicationShutdownHook] INFO  io.undertow - [stop,259] - stopping server: Undertow - 2.2.12.Final
2022-01-03 23:12:01.886 [SpringApplicationShutdownHook] INFO  io.undertow.servlet - [log,382] - Destroying Spring FrameworkServlet 'dispatcherServlet'
2022-01-03 23:12:01.931 [SpringApplicationShutdownHook] INFO  com.zaxxer.hikari.HikariDataSource - [close,350] - hikariCP - Shutdown initiated...
2022-01-03 23:12:01.974 [SpringApplicationShutdownHook] INFO  com.zaxxer.hikari.HikariDataSource - [close,352] - hikariCP - Shutdown completed.
2022-01-03 23:12:08.525 [main] INFO  ltd.itema.mall.ItemaMallPlusApplication - [logStarting,55] - Starting ItemaMallPlusApplication using Java 11.0.13 on DESKTOP-UPLS549 with PID 13252 (E:\javaweb\dx1\target\classes started by seaandsky佳 in E:\javaweb\dx1)
2022-01-03 23:12:08.531 [main] INFO  ltd.itema.mall.ItemaMallPlusApplication - [logStartupProfileInfo,663] - The following profiles are active: dev
2022-01-03 23:12:10.307 [main] INFO  io.undertow.servlet - [log,382] - Initializing Spring embedded WebApplicationContext
2022-01-03 23:12:12.073 [main] INFO  io.undertow - [start,120] - starting server: Undertow - 2.2.12.Final
2022-01-03 23:12:12.083 [main] INFO  org.xnio - [<clinit>,95] - XNIO version 3.8.4.Final
2022-01-03 23:12:12.093 [main] INFO  org.xnio.nio - [<clinit>,58] - XNIO NIO Implementation Version 3.8.4.Final
2022-01-03 23:12:12.140 [main] INFO  org.jboss.threads - [<clinit>,52] - JBoss Threads version 3.1.0.Final
2022-01-03 23:12:12.198 [main] INFO  ltd.itema.mall.ItemaMallPlusApplication - [logStarted,61] - Started ItemaMallPlusApplication in 4.345 seconds (JVM running for 6.222)
2022-01-03 23:12:12.219 [main] INFO  com.zaxxer.hikari.HikariDataSource - [getConnection,110] - hikariCP - Starting...
2022-01-03 23:12:12.426 [main] INFO  com.zaxxer.hikari.HikariDataSource - [getConnection,123] - hikariCP - Start completed.
2022-01-03 23:12:16.752 [XNIO-1 task-1] INFO  io.undertow.servlet - [log,382] - Initializing Spring DispatcherServlet 'dispatcherServlet'
2022-01-03 23:13:26.861 [SpringApplicationShutdownHook] INFO  io.undertow - [stop,259] - stopping server: Undertow - 2.2.12.Final
2022-01-03 23:13:26.869 [SpringApplicationShutdownHook] INFO  io.undertow.servlet - [log,382] - Destroying Spring FrameworkServlet 'dispatcherServlet'
2022-01-03 23:13:26.990 [SpringApplicationShutdownHook] INFO  com.zaxxer.hikari.HikariDataSource - [close,350] - hikariCP - Shutdown initiated...
2022-01-03 23:13:27.085 [SpringApplicationShutdownHook] INFO  com.zaxxer.hikari.HikariDataSource - [close,352] - hikariCP - Shutdown completed.
2022-01-03 23:13:34.580 [main] INFO  ltd.itema.mall.ItemaMallPlusApplication - [logStarting,55] - Starting ItemaMallPlusApplication using Java 11.0.13 on DESKTOP-UPLS549 with PID 9396 (E:\javaweb\dx1\target\classes started by seaandsky佳 in E:\javaweb\dx1)
2022-01-03 23:13:34.585 [main] INFO  ltd.itema.mall.ItemaMallPlusApplication - [logStartupProfileInfo,663] - The following profiles are active: dev
2022-01-03 23:13:36.699 [main] INFO  io.undertow.servlet - [log,382] - Initializing Spring embedded WebApplicationContext
2022-01-03 23:13:38.663 [main] INFO  io.undertow - [start,120] - starting server: Undertow - 2.2.12.Final
2022-01-03 23:13:38.671 [main] INFO  org.xnio - [<clinit>,95] - XNIO version 3.8.4.Final
2022-01-03 23:13:38.679 [main] INFO  org.xnio.nio - [<clinit>,58] - XNIO NIO Implementation Version 3.8.4.Final
2022-01-03 23:13:38.727 [main] INFO  org.jboss.threads - [<clinit>,52] - JBoss Threads version 3.1.0.Final
2022-01-03 23:13:38.802 [main] INFO  ltd.itema.mall.ItemaMallPlusApplication - [logStarted,61] - Started ItemaMallPlusApplication in 5.12 seconds (JVM running for 7.31)
2022-01-03 23:13:38.823 [main] INFO  com.zaxxer.hikari.HikariDataSource - [getConnection,110] - hikariCP - Starting...
2022-01-03 23:13:39.105 [main] INFO  com.zaxxer.hikari.HikariDataSource - [getConnection,123] - hikariCP - Start completed.
2022-01-03 23:13:43.303 [XNIO-1 task-1] INFO  io.undertow.servlet - [log,382] - Initializing Spring DispatcherServlet 'dispatcherServlet'
2022-01-03 23:18:26.939 [SpringApplicationShutdownHook] INFO  io.undertow - [stop,259] - stopping server: Undertow - 2.2.12.Final
2022-01-03 23:18:26.957 [SpringApplicationShutdownHook] INFO  io.undertow.servlet - [log,382] - Destroying Spring FrameworkServlet 'dispatcherServlet'
2022-01-03 23:18:27.042 [SpringApplicationShutdownHook] INFO  com.zaxxer.hikari.HikariDataSource - [close,350] - hikariCP - Shutdown initiated...
2022-01-03 23:18:27.103 [SpringApplicationShutdownHook] INFO  com.zaxxer.hikari.HikariDataSource - [close,352] - hikariCP - Shutdown completed.
2022-01-03 23:18:34.019 [main] INFO  ltd.itema.mall.ItemaMallPlusApplication - [logStarting,55] - Starting ItemaMallPlusApplication using Java 11.0.13 on DESKTOP-UPLS549 with PID 4336 (E:\javaweb\dx1\target\classes started by seaandsky佳 in E:\javaweb\dx1)
2022-01-03 23:18:34.023 [main] INFO  ltd.itema.mall.ItemaMallPlusApplication - [logStartupProfileInfo,663] - The following profiles are active: dev
2022-01-03 23:18:36.156 [main] INFO  io.undertow.servlet - [log,382] - Initializing Spring embedded WebApplicationContext
2022-01-03 23:18:37.922 [main] INFO  io.undertow - [start,120] - starting server: Undertow - 2.2.12.Final
2022-01-03 23:18:37.929 [main] INFO  org.xnio - [<clinit>,95] - XNIO version 3.8.4.Final
2022-01-03 23:18:37.936 [main] INFO  org.xnio.nio - [<clinit>,58] - XNIO NIO Implementation Version 3.8.4.Final
2022-01-03 23:18:37.974 [main] INFO  org.jboss.threads - [<clinit>,52] - JBoss Threads version 3.1.0.Final
2022-01-03 23:18:38.033 [main] INFO  ltd.itema.mall.ItemaMallPlusApplication - [logStarted,61] - Started ItemaMallPlusApplication in 4.685 seconds (JVM running for 6.48)
2022-01-03 23:18:38.053 [main] INFO  com.zaxxer.hikari.HikariDataSource - [getConnection,110] - hikariCP - Starting...
2022-01-03 23:18:38.300 [main] INFO  com.zaxxer.hikari.HikariDataSource - [getConnection,123] - hikariCP - Start completed.
2022-01-03 23:18:47.255 [XNIO-1 task-1] INFO  io.undertow.servlet - [log,382] - Initializing Spring DispatcherServlet 'dispatcherServlet'
2022-01-03 23:21:29.367 [SpringApplicationShutdownHook] INFO  io.undertow - [stop,259] - stopping server: Undertow - 2.2.12.Final
2022-01-03 23:21:29.383 [SpringApplicationShutdownHook] INFO  io.undertow.servlet - [log,382] - Destroying Spring FrameworkServlet 'dispatcherServlet'
2022-01-03 23:21:29.467 [SpringApplicationShutdownHook] INFO  com.zaxxer.hikari.HikariDataSource - [close,350] - hikariCP - Shutdown initiated...
2022-01-03 23:21:29.539 [SpringApplicationShutdownHook] INFO  com.zaxxer.hikari.HikariDataSource - [close,352] - hikariCP - Shutdown completed.
2022-01-03 23:21:35.927 [main] INFO  ltd.itema.mall.ItemaMallPlusApplication - [logStarting,55] - Starting ItemaMallPlusApplication using Java 11.0.13 on DESKTOP-UPLS549 with PID 19936 (E:\javaweb\dx1\target\classes started by seaandsky佳 in E:\javaweb\dx1)
2022-01-03 23:21:35.931 [main] INFO  ltd.itema.mall.ItemaMallPlusApplication - [logStartupProfileInfo,663] - The following profiles are active: dev
2022-01-03 23:21:37.745 [main] INFO  io.undertow.servlet - [log,382] - Initializing Spring embedded WebApplicationContext
2022-01-03 23:21:39.716 [main] INFO  io.undertow - [start,120] - starting server: Undertow - 2.2.12.Final
2022-01-03 23:21:39.728 [main] INFO  org.xnio - [<clinit>,95] - XNIO version 3.8.4.Final
2022-01-03 23:21:39.741 [main] INFO  org.xnio.nio - [<clinit>,58] - XNIO NIO Implementation Version 3.8.4.Final
2022-01-03 23:21:39.813 [main] INFO  org.jboss.threads - [<clinit>,52] - JBoss Threads version 3.1.0.Final
2022-01-03 23:21:39.932 [main] INFO  ltd.itema.mall.ItemaMallPlusApplication - [logStarted,61] - Started ItemaMallPlusApplication in 4.743 seconds (JVM running for 6.768)
2022-01-03 23:21:39.973 [main] INFO  com.zaxxer.hikari.HikariDataSource - [getConnection,110] - hikariCP - Starting...
2022-01-03 23:21:40.314 [main] INFO  com.zaxxer.hikari.HikariDataSource - [getConnection,123] - hikariCP - Start completed.
2022-01-03 23:30:23.993 [SpringApplicationShutdownHook] INFO  io.undertow - [stop,259] - stopping server: Undertow - 2.2.12.Final
2022-01-03 23:30:24.054 [SpringApplicationShutdownHook] INFO  com.zaxxer.hikari.HikariDataSource - [close,350] - hikariCP - Shutdown initiated...
2022-01-03 23:30:24.091 [SpringApplicationShutdownHook] INFO  com.zaxxer.hikari.HikariDataSource - [close,352] - hikariCP - Shutdown completed.
2022-01-03 23:30:29.708 [main] INFO  ltd.itema.mall.ItemaMallPlusApplication - [logStarting,55] - Starting ItemaMallPlusApplication using Java 11.0.13 on DESKTOP-UPLS549 with PID 12304 (E:\javaweb\dx1\target\classes started by seaandsky佳 in E:\javaweb\dx1)
2022-01-03 23:30:29.713 [main] INFO  ltd.itema.mall.ItemaMallPlusApplication - [logStartupProfileInfo,663] - The following profiles are active: dev
2022-01-03 23:30:32.198 [main] INFO  io.undertow.servlet - [log,382] - Initializing Spring embedded WebApplicationContext
2022-01-03 23:30:33.859 [main] INFO  io.undertow - [start,120] - starting server: Undertow - 2.2.12.Final
2022-01-03 23:30:33.870 [main] INFO  org.xnio - [<clinit>,95] - XNIO version 3.8.4.Final
2022-01-03 23:30:33.881 [main] INFO  org.xnio.nio - [<clinit>,58] - XNIO NIO Implementation Version 3.8.4.Final
2022-01-03 23:30:33.937 [main] INFO  org.jboss.threads - [<clinit>,52] - JBoss Threads version 3.1.0.Final
2022-01-03 23:30:34.000 [main] INFO  ltd.itema.mall.ItemaMallPlusApplication - [logStarted,61] - Started ItemaMallPlusApplication in 4.964 seconds (JVM running for 6.478)
2022-01-03 23:30:34.023 [main] INFO  com.zaxxer.hikari.HikariDataSource - [getConnection,110] - hikariCP - Starting...
2022-01-03 23:30:34.262 [main] INFO  com.zaxxer.hikari.HikariDataSource - [getConnection,123] - hikariCP - Start completed.
2022-01-03 23:30:41.741 [XNIO-1 task-1] INFO  io.undertow.servlet - [log,382] - Initializing Spring DispatcherServlet 'dispatcherServlet'
2022-01-03 23:32:44.334 [SpringApplicationShutdownHook] INFO  io.undertow - [stop,259] - stopping server: Undertow - 2.2.12.Final
2022-01-03 23:32:44.351 [SpringApplicationShutdownHook] INFO  io.undertow.servlet - [log,382] - Destroying Spring FrameworkServlet 'dispatcherServlet'
2022-01-03 23:32:44.430 [SpringApplicationShutdownHook] INFO  com.zaxxer.hikari.HikariDataSource - [close,350] - hikariCP - Shutdown initiated...
2022-01-03 23:32:44.510 [SpringApplicationShutdownHook] INFO  com.zaxxer.hikari.HikariDataSource - [close,352] - hikariCP - Shutdown completed.
2022-01-03 23:32:50.838 [main] INFO  ltd.itema.mall.ItemaMallPlusApplication - [logStarting,55] - Starting ItemaMallPlusApplication using Java 11.0.13 on DESKTOP-UPLS549 with PID 19028 (E:\javaweb\dx1\target\classes started by seaandsky佳 in E:\javaweb\dx1)
2022-01-03 23:32:50.843 [main] INFO  ltd.itema.mall.ItemaMallPlusApplication - [logStartupProfileInfo,663] - The following profiles are active: dev
2022-01-03 23:32:52.796 [main] INFO  io.undertow.servlet - [log,382] - Initializing Spring embedded WebApplicationContext
2022-01-03 23:32:54.497 [main] INFO  io.undertow - [start,120] - starting server: Undertow - 2.2.12.Final
2022-01-03 23:32:54.508 [main] INFO  org.xnio - [<clinit>,95] - XNIO version 3.8.4.Final
2022-01-03 23:32:54.516 [main] INFO  org.xnio.nio - [<clinit>,58] - XNIO NIO Implementation Version 3.8.4.Final
2022-01-03 23:32:54.557 [main] INFO  org.jboss.threads - [<clinit>,52] - JBoss Threads version 3.1.0.Final
2022-01-03 23:32:54.618 [main] INFO  ltd.itema.mall.ItemaMallPlusApplication - [logStarted,61] - Started ItemaMallPlusApplication in 4.483 seconds (JVM running for 6.174)
2022-01-03 23:32:54.637 [main] INFO  com.zaxxer.hikari.HikariDataSource - [getConnection,110] - hikariCP - Starting...
2022-01-03 23:32:54.809 [main] INFO  com.zaxxer.hikari.HikariDataSource - [getConnection,123] - hikariCP - Start completed.
2022-01-03 23:32:58.065 [XNIO-1 task-1] INFO  io.undertow.servlet - [log,382] - Initializing Spring DispatcherServlet 'dispatcherServlet'
2022-01-03 23:41:05.420 [SpringApplicationShutdownHook] INFO  io.undertow - [stop,259] - stopping server: Undertow - 2.2.12.Final
2022-01-03 23:41:05.428 [SpringApplicationShutdownHook] INFO  io.undertow.servlet - [log,382] - Destroying Spring FrameworkServlet 'dispatcherServlet'
2022-01-03 23:41:05.468 [SpringApplicationShutdownHook] INFO  com.zaxxer.hikari.HikariDataSource - [close,350] - hikariCP - Shutdown initiated...
2022-01-03 23:41:05.504 [SpringApplicationShutdownHook] INFO  com.zaxxer.hikari.HikariDataSource - [close,352] - hikariCP - Shutdown completed.
2022-01-03 23:41:12.300 [main] INFO  ltd.itema.mall.ItemaMallPlusApplication - [logStarting,55] - Starting ItemaMallPlusApplication using Java 11.0.13 on DESKTOP-UPLS549 with PID 15724 (E:\javaweb\dx1\target\classes started by seaandsky佳 in E:\javaweb\dx1)
2022-01-03 23:41:12.304 [main] INFO  ltd.itema.mall.ItemaMallPlusApplication - [logStartupProfileInfo,663] - The following profiles are active: dev
2022-01-03 23:41:14.096 [main] INFO  io.undertow.servlet - [log,382] - Initializing Spring embedded WebApplicationContext
2022-01-03 23:41:16.572 [main] INFO  io.undertow - [start,120] - starting server: Undertow - 2.2.12.Final
2022-01-03 23:41:16.579 [main] INFO  org.xnio - [<clinit>,95] - XNIO version 3.8.4.Final
2022-01-03 23:41:16.586 [main] INFO  org.xnio.nio - [<clinit>,58] - XNIO NIO Implementation Version 3.8.4.Final
2022-01-03 23:41:16.624 [main] INFO  org.jboss.threads - [<clinit>,52] - JBoss Threads version 3.1.0.Final
2022-01-03 23:41:16.702 [main] INFO  ltd.itema.mall.ItemaMallPlusApplication - [logStarted,61] - Started ItemaMallPlusApplication in 5.317 seconds (JVM running for 7.159)
2022-01-03 23:41:16.722 [main] INFO  com.zaxxer.hikari.HikariDataSource - [getConnection,110] - hikariCP - Starting...
2022-01-03 23:41:16.925 [main] INFO  com.zaxxer.hikari.HikariDataSource - [getConnection,123] - hikariCP - Start completed.
2022-01-03 23:42:26.406 [SpringApplicationShutdownHook] INFO  io.undertow - [stop,259] - stopping server: Undertow - 2.2.12.Final
2022-01-03 23:42:26.478 [SpringApplicationShutdownHook] INFO  com.zaxxer.hikari.HikariDataSource - [close,350] - hikariCP - Shutdown initiated...
2022-01-03 23:42:26.529 [SpringApplicationShutdownHook] INFO  com.zaxxer.hikari.HikariDataSource - [close,352] - hikariCP - Shutdown completed.
2022-01-03 23:42:33.678 [main] INFO  ltd.itema.mall.ItemaMallPlusApplication - [logStarting,55] - Starting ItemaMallPlusApplication using Java 11.0.13 on DESKTOP-UPLS549 with PID 12132 (E:\javaweb\dx1\target\classes started by seaandsky佳 in E:\javaweb\dx1)
2022-01-03 23:42:33.682 [main] INFO  ltd.itema.mall.ItemaMallPlusApplication - [logStartupProfileInfo,663] - The following profiles are active: dev
2022-01-03 23:42:36.492 [main] INFO  io.undertow.servlet - [log,382] - Initializing Spring embedded WebApplicationContext
2022-01-03 23:42:38.244 [main] INFO  io.undertow - [start,120] - starting server: Undertow - 2.2.12.Final
2022-01-03 23:42:38.250 [main] INFO  org.xnio - [<clinit>,95] - XNIO version 3.8.4.Final
2022-01-03 23:42:38.258 [main] INFO  org.xnio.nio - [<clinit>,58] - XNIO NIO Implementation Version 3.8.4.Final
2022-01-03 23:42:38.298 [main] INFO  org.jboss.threads - [<clinit>,52] - JBoss Threads version 3.1.0.Final
2022-01-03 23:42:38.361 [main] INFO  ltd.itema.mall.ItemaMallPlusApplication - [logStarted,61] - Started ItemaMallPlusApplication in 5.53 seconds (JVM running for 7.255)
2022-01-03 23:42:38.382 [main] INFO  com.zaxxer.hikari.HikariDataSource - [getConnection,110] - hikariCP - Starting...
2022-01-03 23:42:38.595 [main] INFO  com.zaxxer.hikari.HikariDataSource - [getConnection,123] - hikariCP - Start completed.
2022-01-03 23:43:12.801 [XNIO-1 task-1] INFO  io.undertow.servlet - [log,382] - Initializing Spring DispatcherServlet 'dispatcherServlet'
2022-01-03 23:46:58.684 [SpringApplicationShutdownHook] INFO  io.undertow - [stop,259] - stopping server: Undertow - 2.2.12.Final
2022-01-03 23:46:58.701 [SpringApplicationShutdownHook] INFO  io.undertow.servlet - [log,382] - Destroying Spring FrameworkServlet 'dispatcherServlet'
2022-01-03 23:46:58.791 [SpringApplicationShutdownHook] INFO  com.zaxxer.hikari.HikariDataSource - [close,350] - hikariCP - Shutdown initiated...
2022-01-03 23:46:58.857 [SpringApplicationShutdownHook] INFO  com.zaxxer.hikari.HikariDataSource - [close,352] - hikariCP - Shutdown completed.
2022-01-03 23:47:05.455 [main] INFO  ltd.itema.mall.ItemaMallPlusApplication - [logStarting,55] - Starting ItemaMallPlusApplication using Java 11.0.13 on DESKTOP-UPLS549 with PID 12140 (E:\javaweb\dx1\target\classes started by seaandsky佳 in E:\javaweb\dx1)
2022-01-03 23:47:05.463 [main] INFO  ltd.itema.mall.ItemaMallPlusApplication - [logStartupProfileInfo,663] - The following profiles are active: dev
2022-01-03 23:47:07.799 [main] INFO  io.undertow.servlet - [log,382] - Initializing Spring embedded WebApplicationContext
2022-01-03 23:47:09.549 [main] INFO  io.undertow - [start,120] - starting server: Undertow - 2.2.12.Final
2022-01-03 23:47:09.557 [main] INFO  org.xnio - [<clinit>,95] - XNIO version 3.8.4.Final
2022-01-03 23:47:09.563 [main] INFO  org.xnio.nio - [<clinit>,58] - XNIO NIO Implementation Version 3.8.4.Final
2022-01-03 23:47:09.599 [main] INFO  org.jboss.threads - [<clinit>,52] - JBoss Threads version 3.1.0.Final
2022-01-03 23:47:09.700 [main] INFO  ltd.itema.mall.ItemaMallPlusApplication - [logStarted,61] - Started ItemaMallPlusApplication in 4.987 seconds (JVM running for 6.845)
2022-01-03 23:47:09.728 [main] INFO  com.zaxxer.hikari.HikariDataSource - [getConnection,110] - hikariCP - Starting...
2022-01-03 23:47:09.981 [main] INFO  com.zaxxer.hikari.HikariDataSource - [getConnection,123] - hikariCP - Start completed.
2022-01-03 23:47:23.357 [XNIO-1 task-1] INFO  io.undertow.servlet - [log,382] - Initializing Spring DispatcherServlet 'dispatcherServlet'
2022-01-03 23:48:45.430 [SpringApplicationShutdownHook] INFO  io.undertow - [stop,259] - stopping server: Undertow - 2.2.12.Final
2022-01-03 23:48:45.440 [SpringApplicationShutdownHook] INFO  io.undertow.servlet - [log,382] - Destroying Spring FrameworkServlet 'dispatcherServlet'
2022-01-03 23:48:45.479 [SpringApplicationShutdownHook] INFO  com.zaxxer.hikari.HikariDataSource - [close,350] - hikariCP - Shutdown initiated...
2022-01-03 23:48:45.527 [SpringApplicationShutdownHook] INFO  com.zaxxer.hikari.HikariDataSource - [close,352] - hikariCP - Shutdown completed.
2022-01-03 23:48:51.587 [main] INFO  ltd.itema.mall.ItemaMallPlusApplication - [logStarting,55] - Starting ItemaMallPlusApplication using Java 11.0.13 on DESKTOP-UPLS549 with PID 19036 (E:\javaweb\dx1\target\classes started by seaandsky佳 in E:\javaweb\dx1)
2022-01-03 23:48:51.593 [main] INFO  ltd.itema.mall.ItemaMallPlusApplication - [logStartupProfileInfo,663] - The following profiles are active: dev
2022-01-03 23:48:54.042 [main] INFO  io.undertow.servlet - [log,382] - Initializing Spring embedded WebApplicationContext
2022-01-03 23:48:56.111 [main] INFO  io.undertow - [start,120] - starting server: Undertow - 2.2.12.Final
2022-01-03 23:48:56.122 [main] INFO  org.xnio - [<clinit>,95] - XNIO version 3.8.4.Final
2022-01-03 23:48:56.132 [main] INFO  org.xnio.nio - [<clinit>,58] - XNIO NIO Implementation Version 3.8.4.Final
2022-01-03 23:48:56.193 [main] INFO  org.jboss.threads - [<clinit>,52] - JBoss Threads version 3.1.0.Final
2022-01-03 23:48:56.305 [main] INFO  ltd.itema.mall.ItemaMallPlusApplication - [logStarted,61] - Started ItemaMallPlusApplication in 5.481 seconds (JVM running for 7.134)
2022-01-03 23:48:56.337 [main] INFO  com.zaxxer.hikari.HikariDataSource - [getConnection,110] - hikariCP - Starting...
2022-01-03 23:48:56.566 [main] INFO  com.zaxxer.hikari.HikariDataSource - [getConnection,123] - hikariCP - Start completed.
2022-01-03 23:49:02.012 [XNIO-1 task-1] INFO  io.undertow.servlet - [log,382] - Initializing Spring DispatcherServlet 'dispatcherServlet'
2022-01-03 23:52:43.948 [SpringApplicationShutdownHook] INFO  io.undertow - [stop,259] - stopping server: Undertow - 2.2.12.Final
2022-01-03 23:52:43.965 [SpringApplicationShutdownHook] INFO  io.undertow.servlet - [log,382] - Destroying Spring FrameworkServlet 'dispatcherServlet'
2022-01-03 23:52:44.018 [SpringApplicationShutdownHook] INFO  com.zaxxer.hikari.HikariDataSource - [close,350] - hikariCP - Shutdown initiated...
2022-01-03 23:52:44.051 [SpringApplicationShutdownHook] INFO  com.zaxxer.hikari.HikariDataSource - [close,352] - hikariCP - Shutdown completed.
2022-01-03 23:52:50.341 [main] INFO  ltd.itema.mall.ItemaMallPlusApplication - [logStarting,55] - Starting ItemaMallPlusApplication using Java 11.0.13 on DESKTOP-UPLS549 with PID 132 (E:\javaweb\dx1\target\classes started by seaandsky佳 in E:\javaweb\dx1)
2022-01-03 23:52:50.352 [main] INFO  ltd.itema.mall.ItemaMallPlusApplication - [logStartupProfileInfo,663] - The following profiles are active: dev
2022-01-03 23:52:53.911 [main] INFO  io.undertow.servlet - [log,382] - Initializing Spring embedded WebApplicationContext
2022-01-03 23:52:57.637 [main] INFO  io.undertow - [start,120] - starting server: Undertow - 2.2.12.Final
2022-01-03 23:52:57.655 [main] INFO  org.xnio - [<clinit>,95] - XNIO version 3.8.4.Final
2022-01-03 23:52:57.677 [main] INFO  org.xnio.nio - [<clinit>,58] - XNIO NIO Implementation Version 3.8.4.Final
2022-01-03 23:52:57.805 [main] INFO  org.jboss.threads - [<clinit>,52] - JBoss Threads version 3.1.0.Final
2022-01-03 23:52:58.064 [main] INFO  ltd.itema.mall.ItemaMallPlusApplication - [logStarted,61] - Started ItemaMallPlusApplication in 8.604 seconds (JVM running for 10.203)
2022-01-03 23:52:58.111 [main] INFO  com.zaxxer.hikari.HikariDataSource - [getConnection,110] - hikariCP - Starting...
2022-01-03 23:52:58.156 [XNIO-1 task-1] INFO  io.undertow.servlet - [log,382] - Initializing Spring DispatcherServlet 'dispatcherServlet'
2022-01-03 23:52:58.666 [main] INFO  com.zaxxer.hikari.HikariDataSource - [getConnection,123] - hikariCP - Start completed.
2022-01-03 23:55:11.504 [SpringApplicationShutdownHook] INFO  io.undertow - [stop,259] - stopping server: Undertow - 2.2.12.Final
2022-01-03 23:55:11.511 [SpringApplicationShutdownHook] INFO  io.undertow.servlet - [log,382] - Destroying Spring FrameworkServlet 'dispatcherServlet'
2022-01-03 23:55:11.554 [SpringApplicationShutdownHook] INFO  com.zaxxer.hikari.HikariDataSource - [close,350] - hikariCP - Shutdown initiated...
2022-01-03 23:55:11.578 [SpringApplicationShutdownHook] INFO  com.zaxxer.hikari.HikariDataSource - [close,352] - hikariCP - Shutdown completed.
2022-01-03 23:55:20.097 [main] INFO  ltd.itema.mall.ItemaMallPlusApplication - [logStarting,55] - Starting ItemaMallPlusApplication using Java 11.0.13 on DESKTOP-UPLS549 with PID 17028 (E:\javaweb\dx1\target\classes started by seaandsky佳 in E:\javaweb\dx1)
2022-01-03 23:55:20.105 [main] INFO  ltd.itema.mall.ItemaMallPlusApplication - [logStartupProfileInfo,663] - The following profiles are active: dev
2022-01-03 23:55:22.341 [main] INFO  io.undertow.servlet - [log,382] - Initializing Spring embedded WebApplicationContext
2022-01-03 23:55:24.656 [main] INFO  io.undertow - [start,120] - starting server: Undertow - 2.2.12.Final
2022-01-03 23:55:24.669 [main] INFO  org.xnio - [<clinit>,95] - XNIO version 3.8.4.Final
2022-01-03 23:55:24.682 [main] INFO  org.xnio.nio - [<clinit>,58] - XNIO NIO Implementation Version 3.8.4.Final
2022-01-03 23:55:24.757 [main] INFO  org.jboss.threads - [<clinit>,52] - JBoss Threads version 3.1.0.Final
2022-01-03 23:55:24.891 [main] INFO  ltd.itema.mall.ItemaMallPlusApplication - [logStarted,61] - Started ItemaMallPlusApplication in 5.694 seconds (JVM running for 7.496)
2022-01-03 23:55:24.932 [main] INFO  com.zaxxer.hikari.HikariDataSource - [getConnection,110] - hikariCP - Starting...
2022-01-03 23:55:25.206 [main] INFO  com.zaxxer.hikari.HikariDataSource - [getConnection,123] - hikariCP - Start completed.
2022-01-03 23:55:34.260 [XNIO-1 task-1] INFO  io.undertow.servlet - [log,382] - Initializing Spring DispatcherServlet 'dispatcherServlet'
2022-01-03 23:59:50.620 [SpringApplicationShutdownHook] INFO  io.undertow - [stop,259] - stopping server: Undertow - 2.2.12.Final
2022-01-03 23:59:50.629 [SpringApplicationShutdownHook] INFO  io.undertow.servlet - [log,382] - Destroying Spring FrameworkServlet 'dispatcherServlet'
2022-01-03 23:59:50.675 [SpringApplicationShutdownHook] INFO  com.zaxxer.hikari.HikariDataSource - [close,350] - hikariCP - Shutdown initiated...
2022-01-03 23:59:50.722 [SpringApplicationShutdownHook] INFO  com.zaxxer.hikari.HikariDataSource - [close,352] - hikariCP - Shutdown completed.
2022-01-03 23:59:57.312 [main] INFO  ltd.itema.mall.ItemaMallPlusApplication - [logStarting,55] - Starting ItemaMallPlusApplication using Java 11.0.13 on DESKTOP-UPLS549 with PID 18680 (E:\javaweb\dx1\target\classes started by seaandsky佳 in E:\javaweb\dx1)
2022-01-03 23:59:57.316 [main] INFO  ltd.itema.mall.ItemaMallPlusApplication - [logStartupProfileInfo,663] - The following profiles are active: dev
2022-01-03 23:59:59.406 [main] INFO  io.undertow.servlet - [log,382] - Initializing Spring embedded WebApplicationContext
